Determining if the pthread_create exist failed with the following output:
Change Dir: /home/llg/workspace_cmake/P03-MMOD_old_version/build/CMakeFiles/CMakeTmp

Run Build Command:"/usr/bin/make" "cmTC_12b5e/fast"
/usr/bin/make -f CMakeFiles/cmTC_12b5e.dir/build.make CMakeFiles/cmTC_12b5e.dir/build
make[1]: Entering directory '/home/llg/workspace_cmake/P03-MMOD_old_version/build/CMakeFiles/CMakeTmp'
Building C object CMakeFiles/cmTC_12b5e.dir/CheckSymbolExists.c.o
/usr/bin/x86_64-linux-gnu-gcc-7    -o CMakeFiles/cmTC_12b5e.dir/CheckSymbolExists.c.o   -c /home/llg/workspace_cmake/P03-MMOD_old_version/build/CMakeFiles/CMakeTmp/CheckSymbolExists.c
Linking C executable cmTC_12b5e
/usr/bin/cmake -E cmake_link_script CMakeFiles/cmTC_12b5e.dir/link.txt --verbose=1
/usr/bin/x86_64-linux-gnu-gcc-7      -rdynamic CMakeFiles/cmTC_12b5e.dir/CheckSymbolExists.c.o  -o cmTC_12b5e 
CMakeFiles/cmTC_12b5e.dir/CheckSymbolExists.c.o: In function `main':
CheckSymbolExists.c:(.text+0x1b): undefined reference to `pthread_create'
collect2: error: ld returned 1 exit status
CMakeFiles/cmTC_12b5e.dir/build.make:97: recipe for target 'cmTC_12b5e' failed
make[1]: *** [cmTC_12b5e] Error 1
make[1]: Leaving directory '/home/llg/workspace_cmake/P03-MMOD_old_version/build/CMakeFiles/CMakeTmp'
Makefile:126: recipe for target 'cmTC_12b5e/fast' failed
make: *** [cmTC_12b5e/fast] Error 2

File /home/llg/workspace_cmake/P03-MMOD_old_version/build/CMakeFiles/CMakeTmp/CheckSymbolExists.c:
/* */
#include <pthread.h>

int main(int argc, char** argv)
{
  (void)argv;
#ifndef pthread_create
  return ((int*)(&pthread_create))[argc];
#else
  (void)argc;
  return 0;
#endif
}

Determining if the function pthread_create exists in the pthreads failed with the following output:
Change Dir: /home/llg/workspace_cmake/P03-MMOD_old_version/build/CMakeFiles/CMakeTmp

Run Build Command:"/usr/bin/make" "cmTC_cbd50/fast"
/usr/bin/make -f CMakeFiles/cmTC_cbd50.dir/build.make CMakeFiles/cmTC_cbd50.dir/build
make[1]: Entering directory '/home/llg/workspace_cmake/P03-MMOD_old_version/build/CMakeFiles/CMakeTmp'
Building C object CMakeFiles/cmTC_cbd50.dir/CheckFunctionExists.c.o
/usr/bin/x86_64-linux-gnu-gcc-7   -DCHECK_FUNCTION_EXISTS=pthread_create   -o CMakeFiles/cmTC_cbd50.dir/CheckFunctionExists.c.o   -c /usr/share/cmake-3.10/Modules/CheckFunctionExists.c
Linking C executable cmTC_cbd50
/usr/bin/cmake -E cmake_link_script CMakeFiles/cmTC_cbd50.dir/link.txt --verbose=1
/usr/bin/x86_64-linux-gnu-gcc-7  -DCHECK_FUNCTION_EXISTS=pthread_create    -rdynamic CMakeFiles/cmTC_cbd50.dir/CheckFunctionExists.c.o  -o cmTC_cbd50 -lpthreads 
/usr/bin/ld: cannot find -lpthreads
collect2: error: ld returned 1 exit status
CMakeFiles/cmTC_cbd50.dir/build.make:97: recipe for target 'cmTC_cbd50' failed
make[1]: *** [cmTC_cbd50] Error 1
make[1]: Leaving directory '/home/llg/workspace_cmake/P03-MMOD_old_version/build/CMakeFiles/CMakeTmp'
Makefile:126: recipe for target 'cmTC_cbd50/fast' failed
make: *** [cmTC_cbd50/fast] Error 2


